# JRE version: Java(TM) SE Runtime Environment (8.0_31-b13) (build 1.8.0_31-b13)
# Java VM: Java HotSpot(TM) 64-Bit Server VM (25.31-b07 mixed mode windows-amd64 compressed oops)
Heap:
 PSYoungGen      total 180736K, used 176736K [0x00000000d8600000, 0x00000000e6a00000, 0x0000000100000000)
  eden space 171008K, 100% used [0x00000000d8600000,0x00000000e2d00000,0x00000000e2d00000)
  from space 9728K, 58% used [0x00000000e2d00000,0x00000000e3298000,0x00000000e3680000)
  to   space 9728K, 0% used [0x00000000e6080000,0x00000000e6098000,0x00000000e6a00000)
 ParOldGen       total 70656K, used 62764K [0x0000000089200000, 0x000000008d700000, 0x00000000d8600000)
  object space 70656K, 88% used [0x0000000089200000,0x000000008cf4b3d0,0x000000008d700000)
 Metaspace       used 21721K, capacity 22002K, committed 22272K, reserved 1069056K
  class space    used 2504K, capacity 2558K, committed 2560K, reserved 1048576K
GC Heap History (10 events):
Event: 108.656 GC heap before
{Heap before GC invocations=18 (full 1):
 PSYoungGen      total 122368K, used 117920K [0x00000000d8600000, 0x00000000e0b00000, 0x0000000100000000)
  eden space 114688K, 100% used [0x00000000d8600000,0x00000000df600000,0x00000000df600000)
  from space 7680K, 42% used [0x00000000e0380000,0x00000000e06a8000,0x00000000e0b00000)
  to   space 10752K, 0% used [0x00000000df600000,0x00000000df600000,0x00000000e0080000)
 ParOldGen       total 70656K, used 39822K [0x0000000089200000, 0x000000008d700000, 0x00000000d8600000)
  object space 70656K, 56% used [0x0000000089200000,0x000000008b8e3a70,0x000000008d700000)
 Metaspace       used 21664K, capacity 21938K, committed 22016K, reserved 1069056K
  class space    used 2501K, capacity 2558K, committed 2560K, reserved 1048576K
Event: 109.172 GC heap after
Heap after GC invocations=18 (full 1):
 PSYoungGen      total 125440K, used 6208K [0x00000000d8600000, 0x00000000e2780000, 0x0000000100000000)
  eden space 114688K, 0% used [0x00000000d8600000,0x00000000d8600000,0x00000000df600000)
  from space 10752K, 57% used [0x00000000df600000,0x00000000dfc10020,0x00000000e0080000)
  to   space 10752K, 0% used [0x00000000e1d00000,0x00000000e1d00000,0x00000000e2780000)
 ParOldGen       total 70656K, used 42644K [0x0000000089200000, 0x000000008d700000, 0x00000000d8600000)
  object space 70656K, 60% used [0x0000000089200000,0x000000008bba5310,0x000000008d700000)
 Metaspace       used 21664K, capacity 21938K, committed 22016K, reserved 1069056K
  class space    used 2501K, capacity 2558K, committed 2560K, reserved 1048576K
}
Event: 125.474 GC heap before
{Heap before GC invocations=19 (full 1):
 PSYoungGen      total 125440K, used 120896K [0x00000000d8600000, 0x00000000e2780000, 0x0000000100000000)
  eden space 114688K, 100% used [0x00000000d8600000,0x00000000df600000,0x00000000df600000)
  from space 10752K, 57% used [0x00000000df600000,0x00000000dfc10020,0x00000000e0080000)
  to   space 10752K, 0% used [0x00000000e1d00000,0x00000000e1d00000,0x00000000e2780000)
 ParOldGen       total 70656K, used 42644K [0x0000000089200000, 0x000000008d700000, 0x00000000d8600000)
  object space 70656K, 60% used [0x0000000089200000,0x000000008bba5310,0x000000008d700000)
 Metaspace       used 21691K, capacity 22002K, committed 22272K, reserved 1069056K
  class space    used 2501K, capacity 2558K, committed 2560K, reserved 1048576K
Event: 125.523 GC heap after
Heap after GC invocations=19 (full 1):
 PSYoungGen      total 149504K, used 4512K [0x00000000d8600000, 0x00000000e2480000, 0x0000000100000000)
  eden space 141824K, 0% used [0x00000000d8600000,0x00000000d8600000,0x00000000e1080000)
  from space 7680K, 58% used [0x00000000e1d00000,0x00000000e2168000,0x00000000e2480000)
  to   space 10240K, 0% used [0x00000000e1080000,0x00000000e1080000,0x00000000e1a80000)
 ParOldGen       total 70656K, used 47782K [0x0000000089200000, 0x000000008d700000, 0x00000000d8600000)
  object space 70656K, 67% used [0x0000000089200000,0x000000008c0a9bd0,0x000000008d700000)
 Metaspace       used 21691K, capacity 22002K, committed 22272K, reserved 1069056K
  class space    used 2501K, capacity 2558K, committed 2560K, reserved 1048576K
}
Event: 143.896 GC heap before
{Heap before GC invocations=20 (full 1):
 PSYoungGen      total 149504K, used 146336K [0x00000000d8600000, 0x00000000e2480000, 0x0000000100000000)
  eden space 141824K, 100% used [0x00000000d8600000,0x00000000e1080000,0x00000000e1080000)
  from space 7680K, 58% used [0x00000000e1d00000,0x00000000e2168000,0x00000000e2480000)
  to   space 10240K, 0% used [0x00000000e1080000,0x00000000e1080000,0x00000000e1a80000)
 ParOldGen       total 70656K, used 47782K [0x0000000089200000, 0x000000008d700000, 0x00000000d8600000)
  object space 70656K, 67% used [0x0000000089200000,0x000000008c0a9bd0,0x000000008d700000)
 Metaspace       used 21705K, capacity 22002K, committed 22272K, reserved 1069056K
  class space    used 2501K, capacity 2558K, committed 2560K, reserved 1048576K
Event: 143.991 GC heap after
Heap after GC invocations=20 (full 1):
 PSYoungGen      total 152064K, used 5952K [0x00000000d8600000, 0x00000000e4300000, 0x0000000100000000)
  eden space 141824K, 0% used [0x00000000d8600000,0x00000000d8600000,0x00000000e1080000)
  from space 10240K, 58% used [0x00000000e1080000,0x00000000e1650010,0x00000000e1a80000)
  to   space 10240K, 0% used [0x00000000e3900000,0x00000000e3900000,0x00000000e4300000)
 ParOldGen       total 70656K, used 51781K [0x0000000089200000, 0x000000008d700000, 0x00000000d8600000)
  object space 70656K, 73% used [0x0000000089200000,0x000000008c491590,0x000000008d700000)
 Metaspace       used 21705K, capacity 22002K, committed 22272K, reserved 1069056K
  class space    used 2501K, capacity 2558K, committed 2560K, reserved 1048576K
}
Event: 161.459 GC heap before
{Heap before GC invocations=21 (full 1):
 PSYoungGen      total 152064K, used 147776K [0x00000000d8600000, 0x00000000e4300000, 0x0000000100000000)
  eden space 141824K, 100% used [0x00000000d8600000,0x00000000e1080000,0x00000000e1080000)
  from space 10240K, 58% used [0x00000000e1080000,0x00000000e1650010,0x00000000e1a80000)
  to   space 10240K, 0% used [0x00000000e3900000,0x00000000e3900000,0x00000000e4300000)
 ParOldGen       total 70656K, used 51781K [0x0000000089200000, 0x000000008d700000, 0x00000000d8600000)
  object space 70656K, 73% used [0x0000000089200000,0x000000008c491590,0x000000008d700000)
 Metaspace       used 21707K, capacity 22002K, committed 22272K, reserved 1069056K
  class space    used 2501K, capacity 2558K, committed 2560K, reserved 1048576K
Event: 161.519 GC heap after
Heap after GC invocations=21 (full 1):
 PSYoungGen      total 178176K, used 5856K [0x00000000d8600000, 0x00000000e4000000, 0x0000000100000000)
  eden space 171008K, 0% used [0x00000000d8600000,0x00000000d8600000,0x00000000e2d00000)
  from space 7168K, 81% used [0x00000000e3900000,0x00000000e3eb8020,0x00000000e4000000)
  to   space 9728K, 0% used [0x00000000e2d00000,0x00000000e2d00000,0x00000000e3680000)
 ParOldGen       total 70656K, used 56956K [0x0000000089200000, 0x000000008d700000, 0x00000000d8600000)
  object space 70656K, 80% used [0x0000000089200000,0x000000008c99f070,0x000000008d700000)
 Metaspace       used 21707K, capacity 22002K, committed 22272K, reserved 1069056K
  class space    used 2501K, capacity 2558K, committed 2560K, reserved 1048576K
}
Event: 182.775 GC heap before
{Heap before GC invocations=22 (full 1):
 PSYoungGen      total 178176K, used 176864K [0x00000000d8600000, 0x00000000e4000000, 0x0000000100000000)
  eden space 171008K, 100% used [0x00000000d8600000,0x00000000e2d00000,0x00000000e2d00000)
  from space 7168K, 81% used [0x00000000e3900000,0x00000000e3eb8020,0x00000000e4000000)
  to   space 9728K, 0% used [0x00000000e2d00000,0x00000000e2d00000,0x00000000e3680000)
 ParOldGen       total 70656K, used 56956K [0x0000000089200000, 0x000000008d700000, 0x00000000d8600000)
  object space 70656K, 80% used [0x0000000089200000,0x000000008c99f070,0x000000008d700000)
 Metaspace       used 21709K, capacity 22002K, committed 22272K, reserved 1069056K
  class space    used 2501K, capacity 2558K, committed 2560K, reserved 1048576K
Event: 183.311 GC heap after
Heap after GC invocations=22 (full 1):
 PSYoungGen      total 180736K, used 5728K [0x00000000d8600000, 0x00000000e6a00000, 0x0000000100000000)
  eden space 171008K, 0% used [0x00000000d8600000,0x00000000d8600000,0x00000000e2d00000)
  from space 9728K, 58% used [0x00000000e2d00000,0x00000000e3298000,0x00000000e3680000)
  to   space 9728K, 0% used [0x00000000e6080000,0x00000000e6080000,0x00000000e6a00000)
 ParOldGen       total 70656K, used 61748K [0x0000000089200000, 0x000000008d700000, 0x00000000d8600000)
  object space 70656K, 87% used [0x0000000089200000,0x000000008ce4d3d0,0x000000008d700000)
 Metaspace       used 21709K, capacity 22002K, committed 22272K, reserved 1069056K
  class space    used 2501K, capacity 2558K, committed 2560K, reserved 1048576K
}

