# JRE version: Java(TM) SE Runtime Environment (8.0_31-b13) (build 1.8.0_31-b13)
# Java VM: Java HotSpot(TM) 64-Bit Server VM (25.31-b07 mixed mode windows-amd64 compressed oops)
Heap:
 PSYoungGen      total 225280K, used 69674K [0x00000000d8600000, 0x00000000e9200000, 0x0000000100000000)
  eden space 184832K, 19% used [0x00000000d8600000,0x00000000da87a9e8,0x00000000e3a80000)
  from space 40448K, 84% used [0x00000000e6580000,0x00000000e8710010,0x00000000e8d00000)
  to   space 44032K, 0% used [0x00000000e3a80000,0x00000000e3a80000,0x00000000e6580000)
 ParOldGen       total 78848K, used 43571K [0x0000000089200000, 0x000000008df00000, 0x00000000d8600000)
  object space 78848K, 55% used [0x0000000089200000,0x000000008bc8cea0,0x000000008df00000)
 Metaspace       used 21704K, capacity 21986K, committed 22016K, reserved 1069056K
  class space    used 2499K, capacity 2558K, committed 2560K, reserved 1048576K
GC Heap History (10 events):
Event: 117.263 GC heap before
{Heap before GC invocations=15 (full 1):
 PSYoungGen      total 134656K, used 128018K [0x00000000d8600000, 0x00000000e3d00000, 0x0000000100000000)
  eden space 110080K, 100% used [0x00000000d8600000,0x00000000df180000,0x00000000df180000)
  from space 24576K, 72% used [0x00000000df180000,0x00000000e0304820,0x00000000e0980000)
  to   space 25600K, 0% used [0x00000000e2400000,0x00000000e2400000,0x00000000e3d00000)
 ParOldGen       total 78848K, used 36892K [0x0000000089200000, 0x000000008df00000, 0x00000000d8600000)
  object space 78848K, 46% used [0x0000000089200000,0x000000008b607240,0x000000008df00000)
 Metaspace       used 21666K, capacity 21986K, committed 22016K, reserved 1069056K
  class space    used 2498K, capacity 2558K, committed 2560K, reserved 1048576K
Event: 117.388 GC heap after
Heap after GC invocations=15 (full 1):
 PSYoungGen      total 159744K, used 21088K [0x00000000d8600000, 0x00000000e4080000, 0x0000000100000000)
  eden space 134144K, 0% used [0x00000000d8600000,0x00000000d8600000,0x00000000e0900000)
  from space 25600K, 82% used [0x00000000e2400000,0x00000000e3898000,0x00000000e3d00000)
  to   space 27648K, 0% used [0x00000000e0900000,0x00000000e0900000,0x00000000e2400000)
 ParOldGen       total 78848K, used 36900K [0x0000000089200000, 0x000000008df00000, 0x00000000d8600000)
  object space 78848K, 46% used [0x0000000089200000,0x000000008b609240,0x000000008df00000)
 Metaspace       used 21666K, capacity 21986K, committed 22016K, reserved 1069056K
  class space    used 2498K, capacity 2558K, committed 2560K, reserved 1048576K
}
Event: 133.571 GC heap before
{Heap before GC invocations=16 (full 1):
 PSYoungGen      total 159744K, used 155232K [0x00000000d8600000, 0x00000000e4080000, 0x0000000100000000)
  eden space 134144K, 100% used [0x00000000d8600000,0x00000000e0900000,0x00000000e0900000)
  from space 25600K, 82% used [0x00000000e2400000,0x00000000e3898000,0x00000000e3d00000)
  to   space 27648K, 0% used [0x00000000e0900000,0x00000000e0900000,0x00000000e2400000)
 ParOldGen       total 78848K, used 36900K [0x0000000089200000, 0x000000008df00000, 0x00000000d8600000)
  object space 78848K, 46% used [0x0000000089200000,0x000000008b609240,0x000000008df00000)
 Metaspace       used 21691K, capacity 21986K, committed 22016K, reserved 1069056K
  class space    used 2498K, capacity 2558K, committed 2560K, reserved 1048576K
Event: 133.643 GC heap after
Heap after GC invocations=16 (full 1):
 PSYoungGen      total 161792K, used 25408K [0x00000000d8600000, 0x00000000e6100000, 0x0000000100000000)
  eden space 134144K, 0% used [0x00000000d8600000,0x00000000d8600000,0x00000000e0900000)
  from space 27648K, 91% used [0x00000000e0900000,0x00000000e21d0000,0x00000000e2400000)
  to   space 30720K, 0% used [0x00000000e4300000,0x00000000e4300000,0x00000000e6100000)
 ParOldGen       total 78848K, used 36908K [0x0000000089200000, 0x000000008df00000, 0x00000000d8600000)
  object space 78848K, 46% used [0x0000000089200000,0x000000008b60b240,0x000000008df00000)
 Metaspace       used 21691K, capacity 21986K, committed 22016K, reserved 1069056K
  class space    used 2498K, capacity 2558K, committed 2560K, reserved 1048576K
}
Event: 149.654 GC heap before
{Heap before GC invocations=17 (full 1):
 PSYoungGen      total 161792K, used 159552K [0x00000000d8600000, 0x00000000e6100000, 0x0000000100000000)
  eden space 134144K, 100% used [0x00000000d8600000,0x00000000e0900000,0x00000000e0900000)
  from space 27648K, 91% used [0x00000000e0900000,0x00000000e21d0000,0x00000000e2400000)
  to   space 30720K, 0% used [0x00000000e4300000,0x00000000e4300000,0x00000000e6100000)
 ParOldGen       total 78848K, used 36908K [0x0000000089200000, 0x000000008df00000, 0x00000000d8600000)
  object space 78848K, 46% used [0x0000000089200000,0x000000008b60b240,0x000000008df00000)
 Metaspace       used 21691K, capacity 21986K, committed 22016K, reserved 1069056K
  class space    used 2498K, capacity 2558K, committed 2560K, reserved 1048576K
Event: 149.766 GC heap after
Heap after GC invocations=17 (full 1):
 PSYoungGen      total 189440K, used 30528K [0x00000000d8600000, 0x00000000e6800000, 0x0000000100000000)
  eden space 158720K, 0% used [0x00000000d8600000,0x00000000d8600000,0x00000000e2100000)
  from space 30720K, 99% used [0x00000000e4300000,0x00000000e60d0010,0x00000000e6100000)
  to   space 34816K, 0% used [0x00000000e2100000,0x00000000e2100000,0x00000000e4300000)
 ParOldGen       total 78848K, used 36916K [0x0000000089200000, 0x000000008df00000, 0x00000000d8600000)
  object space 78848K, 46% used [0x0000000089200000,0x000000008b60d240,0x000000008df00000)
 Metaspace       used 21691K, capacity 21986K, committed 22016K, reserved 1069056K
  class space    used 2498K, capacity 2558K, committed 2560K, reserved 1048576K
}
Event: 169.151 GC heap before
{Heap before GC invocations=18 (full 1):
 PSYoungGen      total 189440K, used 189248K [0x00000000d8600000, 0x00000000e6800000, 0x0000000100000000)
  eden space 158720K, 100% used [0x00000000d8600000,0x00000000e2100000,0x00000000e2100000)
  from space 30720K, 99% used [0x00000000e4300000,0x00000000e60d0010,0x00000000e6100000)
  to   space 34816K, 0% used [0x00000000e2100000,0x00000000e2100000,0x00000000e4300000)
 ParOldGen       total 78848K, used 36916K [0x0000000089200000, 0x000000008df00000, 0x00000000d8600000)
  object space 78848K, 46% used [0x0000000089200000,0x000000008b60d240,0x000000008df00000)
 Metaspace       used 21691K, capacity 21986K, committed 22016K, reserved 1069056K
  class space    used 2498K, capacity 2558K, committed 2560K, reserved 1048576K
Event: 169.757 GC heap after
Heap after GC invocations=18 (full 1):
 PSYoungGen      total 193536K, used 34816K [0x00000000d8600000, 0x00000000e8d00000, 0x0000000100000000)
  eden space 158720K, 0% used [0x00000000d8600000,0x00000000d8600000,0x00000000e2100000)
  from space 34816K, 100% used [0x00000000e2100000,0x00000000e4300000,0x00000000e4300000)
  to   space 40448K, 0% used [0x00000000e6580000,0x00000000e6580000,0x00000000e8d00000)
 ParOldGen       total 78848K, used 38009K [0x0000000089200000, 0x000000008df00000, 0x00000000d8600000)
  object space 78848K, 48% used [0x0000000089200000,0x000000008b71e520,0x000000008df00000)
 Metaspace       used 21691K, capacity 21986K, committed 22016K, reserved 1069056K
  class space    used 2498K, capacity 2558K, committed 2560K, reserved 1048576K
}
Event: 189.074 GC heap before
{Heap before GC invocations=19 (full 1):
 PSYoungGen      total 193536K, used 193536K [0x00000000d8600000, 0x00000000e8d00000, 0x0000000100000000)
  eden space 158720K, 100% used [0x00000000d8600000,0x00000000e2100000,0x00000000e2100000)
  from space 34816K, 100% used [0x00000000e2100000,0x00000000e4300000,0x00000000e4300000)
  to   space 40448K, 0% used [0x00000000e6580000,0x00000000e6580000,0x00000000e8d00000)
 ParOldGen       total 78848K, used 38009K [0x0000000089200000, 0x000000008df00000, 0x00000000d8600000)
  object space 78848K, 48% used [0x0000000089200000,0x000000008b71e520,0x000000008df00000)
 Metaspace       used 21701K, capacity 21986K, committed 22016K, reserved 1069056K
  class space    used 2498K, capacity 2558K, committed 2560K, reserved 1048576K
Event: 189.220 GC heap after
Heap after GC invocations=19 (full 1):
 PSYoungGen      total 225280K, used 34368K [0x00000000d8600000, 0x00000000e9200000, 0x0000000100000000)
  eden space 184832K, 0% used [0x00000000d8600000,0x00000000d8600000,0x00000000e3a80000)
  from space 40448K, 84% used [0x00000000e6580000,0x00000000e8710010,0x00000000e8d00000)
  to   space 44032K, 0% used [0x00000000e3a80000,0x00000000e3a80000,0x00000000e6580000)
 ParOldGen       total 78848K, used 43571K [0x0000000089200000, 0x000000008df00000, 0x00000000d8600000)
  object space 78848K, 55% used [0x0000000089200000,0x000000008bc8cea0,0x000000008df00000)
 Metaspace       used 21701K, capacity 21986K, committed 22016K, reserved 1069056K
  class space    used 2498K, capacity 2558K, committed 2560K, reserved 1048576K
}

