# JRE version: Java(TM) SE Runtime Environment (8.0_31-b13) (build 1.8.0_31-b13)
# Java VM: Java HotSpot(TM) 64-Bit Server VM (25.31-b07 mixed mode windows-amd64 compressed oops)
Heap:
 PSYoungGen      total 219648K, used 126215K [0x00000000d8600000, 0x00000000e6a80000, 0x0000000100000000)
  eden space 210944K, 55% used [0x00000000d8600000,0x00000000df919df0,0x00000000e5400000)
  from space 8704K, 95% used [0x00000000e6200000,0x00000000e6a28010,0x00000000e6a80000)
  to   space 9216K, 0% used [0x00000000e5880000,0x00000000e5880000,0x00000000e6180000)
 ParOldGen       total 57344K, used 30523K [0x0000000089200000, 0x000000008ca00000, 0x00000000d8600000)
  object space 57344K, 53% used [0x0000000089200000,0x000000008afced10,0x000000008ca00000)
 Metaspace       used 21706K, capacity 21990K, committed 22272K, reserved 1069056K
  class space    used 2501K, capacity 2558K, committed 2560K, reserved 1048576K
GC Heap History (10 events):
Event: 41.629 GC heap before
{Heap before GC invocations=9 (full 1):
 PSYoungGen      total 130048K, used 5536K [0x00000000d8600000, 0x00000000e0c00000, 0x0000000100000000)
  eden space 122880K, 0% used [0x00000000d8600000,0x00000000d8600000,0x00000000dfe00000)
  from space 7168K, 77% used [0x00000000e0500000,0x00000000e0a68000,0x00000000e0c00000)
  to   space 7168K, 0% used [0x00000000dfe00000,0x00000000dfe00000,0x00000000e0500000)
 ParOldGen       total 81920K, used 10769K [0x0000000089200000, 0x000000008e200000, 0x00000000d8600000)
  object space 81920K, 13% used [0x0000000089200000,0x0000000089c84400,0x000000008e200000)
 Metaspace       used 20913K, capacity 21092K, committed 21248K, reserved 1069056K
  class space    used 2500K, capacity 2559K, committed 2560K, reserved 1048576K
Event: 41.923 GC heap after
Heap after GC invocations=9 (full 1):
 PSYoungGen      total 130048K, used 0K [0x00000000d8600000, 0x00000000e0c00000, 0x0000000100000000)
  eden space 122880K, 0% used [0x00000000d8600000,0x00000000d8600000,0x00000000dfe00000)
  from space 7168K, 0% used [0x00000000e0500000,0x00000000e0500000,0x00000000e0c00000)
  to   space 7168K, 0% used [0x00000000dfe00000,0x00000000dfe00000,0x00000000e0500000)
 ParOldGen       total 57344K, used 12726K [0x0000000089200000, 0x000000008ca00000, 0x00000000d8600000)
  object space 57344K, 22% used [0x0000000089200000,0x0000000089e6d8b0,0x000000008ca00000)
 Metaspace       used 20911K, capacity 21090K, committed 21248K, reserved 1069056K
  class space    used 2499K, capacity 2558K, committed 2560K, reserved 1048576K
}
Event: 60.410 GC heap before
{Heap before GC invocations=10 (full 1):
 PSYoungGen      total 130048K, used 122879K [0x00000000d8600000, 0x00000000e0c00000, 0x0000000100000000)
  eden space 122880K, 99% used [0x00000000d8600000,0x00000000dfdffff8,0x00000000dfe00000)
  from space 7168K, 0% used [0x00000000e0500000,0x00000000e0500000,0x00000000e0c00000)
  to   space 7168K, 0% used [0x00000000dfe00000,0x00000000dfe00000,0x00000000e0500000)
 ParOldGen       total 57344K, used 12726K [0x0000000089200000, 0x000000008ca00000, 0x00000000d8600000)
  object space 57344K, 22% used [0x0000000089200000,0x0000000089e6d8b0,0x000000008ca00000)
 Metaspace       used 21126K, capacity 21346K, committed 21504K, reserved 1069056K
  class space    used 2500K, capacity 2558K, committed 2560K, reserved 1048576K
Event: 60.464 GC heap after
Heap after GC invocations=10 (full 1):
 PSYoungGen      total 130048K, used 5888K [0x00000000d8600000, 0x00000000e3780000, 0x0000000100000000)
  eden space 122880K, 0% used [0x00000000d8600000,0x00000000d8600000,0x00000000dfe00000)
  from space 7168K, 82% used [0x00000000dfe00000,0x00000000e03c0010,0x00000000e0500000)
  to   space 7168K, 0% used [0x00000000e3080000,0x00000000e3080000,0x00000000e3780000)
 ParOldGen       total 57344K, used 12734K [0x0000000089200000, 0x000000008ca00000, 0x00000000d8600000)
  object space 57344K, 22% used [0x0000000089200000,0x0000000089e6f8b0,0x000000008ca00000)
 Metaspace       used 21126K, capacity 21346K, committed 21504K, reserved 1069056K
  class space    used 2500K, capacity 2558K, committed 2560K, reserved 1048576K
}
Event: 80.968 GC heap before
{Heap before GC invocations=11 (full 1):
 PSYoungGen      total 130048K, used 128768K [0x00000000d8600000, 0x00000000e3780000, 0x0000000100000000)
  eden space 122880K, 100% used [0x00000000d8600000,0x00000000dfe00000,0x00000000dfe00000)
  from space 7168K, 82% used [0x00000000dfe00000,0x00000000e03c0010,0x00000000e0500000)
  to   space 7168K, 0% used [0x00000000e3080000,0x00000000e3080000,0x00000000e3780000)
 ParOldGen       total 57344K, used 12734K [0x0000000089200000, 0x000000008ca00000, 0x00000000d8600000)
  object space 57344K, 22% used [0x0000000089200000,0x0000000089e6f8b0,0x000000008ca00000)
 Metaspace       used 21402K, capacity 21666K, committed 22016K, reserved 1069056K
  class space    used 2500K, capacity 2558K, committed 2560K, reserved 1048576K
Event: 81.037 GC heap after
Heap after GC invocations=11 (full 1):
 PSYoungGen      total 171520K, used 7136K [0x00000000d8600000, 0x00000000e3780000, 0x0000000100000000)
  eden space 164352K, 0% used [0x00000000d8600000,0x00000000d8600000,0x00000000e2680000)
  from space 7168K, 99% used [0x00000000e3080000,0x00000000e3778010,0x00000000e3780000)
  to   space 8704K, 0% used [0x00000000e2680000,0x00000000e2680000,0x00000000e2f00000)
 ParOldGen       total 57344K, used 16574K [0x0000000089200000, 0x000000008ca00000, 0x00000000d8600000)
  object space 57344K, 28% used [0x0000000089200000,0x000000008a22fbb0,0x000000008ca00000)
 Metaspace       used 21402K, capacity 21666K, committed 22016K, reserved 1069056K
  class space    used 2500K, capacity 2558K, committed 2560K, reserved 1048576K
}
Event: 110.772 GC heap before
{Heap before GC invocations=12 (full 1):
 PSYoungGen      total 171520K, used 171488K [0x00000000d8600000, 0x00000000e3780000, 0x0000000100000000)
  eden space 164352K, 100% used [0x00000000d8600000,0x00000000e2680000,0x00000000e2680000)
  from space 7168K, 99% used [0x00000000e3080000,0x00000000e3778010,0x00000000e3780000)
  to   space 8704K, 0% used [0x00000000e2680000,0x00000000e2680000,0x00000000e2f00000)
 ParOldGen       total 57344K, used 16574K [0x0000000089200000, 0x000000008ca00000, 0x00000000d8600000)
  object space 57344K, 28% used [0x0000000089200000,0x000000008a22fbb0,0x000000008ca00000)
 Metaspace       used 21445K, capacity 21678K, committed 22016K, reserved 1069056K
  class space    used 2501K, capacity 2558K, committed 2560K, reserved 1048576K
Event: 110.897 GC heap after
Heap after GC invocations=12 (full 1):
 PSYoungGen      total 173056K, used 7776K [0x00000000d8600000, 0x00000000e6b00000, 0x0000000100000000)
  eden space 164352K, 0% used [0x00000000d8600000,0x00000000d8600000,0x00000000e2680000)
  from space 8704K, 89% used [0x00000000e2680000,0x00000000e2e18020,0x00000000e2f00000)
  to   space 9216K, 0% used [0x00000000e6200000,0x00000000e6200000,0x00000000e6b00000)
 ParOldGen       total 57344K, used 23552K [0x0000000089200000, 0x000000008ca00000, 0x00000000d8600000)
  object space 57344K, 41% used [0x0000000089200000,0x000000008a9001b0,0x000000008ca00000)
 Metaspace       used 21445K, capacity 21678K, committed 22016K, reserved 1069056K
  class space    used 2501K, capacity 2558K, committed 2560K, reserved 1048576K
}
Event: 144.191 GC heap before
{Heap before GC invocations=13 (full 1):
 PSYoungGen      total 173056K, used 172128K [0x00000000d8600000, 0x00000000e6b00000, 0x0000000100000000)
  eden space 164352K, 100% used [0x00000000d8600000,0x00000000e2680000,0x00000000e2680000)
  from space 8704K, 89% used [0x00000000e2680000,0x00000000e2e18020,0x00000000e2f00000)
  to   space 9216K, 0% used [0x00000000e6200000,0x00000000e6200000,0x00000000e6b00000)
 ParOldGen       total 57344K, used 23552K [0x0000000089200000, 0x000000008ca00000, 0x00000000d8600000)
  object space 57344K, 41% used [0x0000000089200000,0x000000008a9001b0,0x000000008ca00000)
 Metaspace       used 21537K, capacity 21830K, committed 22016K, reserved 1069056K
  class space    used 2501K, capacity 2558K, committed 2560K, reserved 1048576K
Event: 144.246 GC heap after
Heap after GC invocations=13 (full 1):
 PSYoungGen      total 219648K, used 8352K [0x00000000d8600000, 0x00000000e6a80000, 0x0000000100000000)
  eden space 210944K, 0% used [0x00000000d8600000,0x00000000d8600000,0x00000000e5400000)
  from space 8704K, 95% used [0x00000000e6200000,0x00000000e6a28010,0x00000000e6a80000)
  to   space 9216K, 0% used [0x00000000e5880000,0x00000000e5880000,0x00000000e6180000)
 ParOldGen       total 57344K, used 30523K [0x0000000089200000, 0x000000008ca00000, 0x00000000d8600000)
  object space 57344K, 53% used [0x0000000089200000,0x000000008afced10,0x000000008ca00000)
 Metaspace       used 21537K, capacity 21830K, committed 22016K, reserved 1069056K
  class space    used 2501K, capacity 2558K, committed 2560K, reserved 1048576K
}

