# JRE version: Java(TM) SE Runtime Environment (8.0_31-b13) (build 1.8.0_31-b13)
# Java VM: Java HotSpot(TM) 64-Bit Server VM (25.31-b07 mixed mode windows-amd64 compressed oops)
Heap:
 PSYoungGen      total 239616K, used 104528K [0x00000000d8600000, 0x00000000e8a80000, 0x0000000100000000)
  eden space 237056K, 43% used [0x00000000d8600000,0x00000000de9943b8,0x00000000e6d80000)
  from space 2560K, 100% used [0x00000000e7b00000,0x00000000e7d80000,0x00000000e7d80000)
  to   space 13824K, 0% used [0x00000000e6d80000,0x00000000e6d80000,0x00000000e7b00000)
 ParOldGen       total 65024K, used 32754K [0x0000000089200000, 0x000000008d180000, 0x00000000d8600000)
  object space 65024K, 50% used [0x0000000089200000,0x000000008b1fc938,0x000000008d180000)
 Metaspace       used 21582K, capacity 21830K, committed 22016K, reserved 1069056K
  class space    used 2501K, capacity 2558K, committed 2560K, reserved 1048576K
GC Heap History (10 events):
Event: 36.938 GC heap before
{Heap before GC invocations=7 (full 0):
 PSYoungGen      total 130048K, used 35845K [0x00000000d8600000, 0x00000000e0e00000, 0x0000000100000000)
  eden space 122368K, 23% used [0x00000000d8600000,0x00000000da1868f8,0x00000000dfd80000)
  from space 7680K, 99% used [0x00000000e0580000,0x00000000e0cfae50,0x00000000e0d00000)
  to   space 8192K, 0% used [0x00000000dfd80000,0x00000000dfd80000,0x00000000e0580000)
 ParOldGen       total 81920K, used 8798K [0x0000000089200000, 0x000000008e200000, 0x00000000d8600000)
  object space 81920K, 10% used [0x0000000089200000,0x0000000089a97a78,0x000000008e200000)
 Metaspace       used 20878K, capacity 21092K, committed 21248K, reserved 1069056K
  class space    used 2497K, capacity 2559K, committed 2560K, reserved 1048576K
Event: 36.962 GC heap after
Heap after GC invocations=7 (full 0):
 PSYoungGen      total 130560K, used 5760K [0x00000000d8600000, 0x00000000e8500000, 0x0000000100000000)
  eden space 122368K, 0% used [0x00000000d8600000,0x00000000d8600000,0x00000000dfd80000)
  from space 8192K, 70% used [0x00000000dfd80000,0x00000000e0320010,0x00000000e0580000)
  to   space 8192K, 0% used [0x00000000e7d00000,0x00000000e7d00000,0x00000000e8500000)
 ParOldGen       total 81920K, used 11867K [0x0000000089200000, 0x000000008e200000, 0x00000000d8600000)
  object space 81920K, 14% used [0x0000000089200000,0x0000000089d96e30,0x000000008e200000)
 Metaspace       used 20878K, capacity 21092K, committed 21248K, reserved 1069056K
  class space    used 2497K, capacity 2559K, committed 2560K, reserved 1048576K
}
Event: 36.963 GC heap before
{Heap before GC invocations=8 (full 1):
 PSYoungGen      total 130560K, used 5760K [0x00000000d8600000, 0x00000000e8500000, 0x0000000100000000)
  eden space 122368K, 0% used [0x00000000d8600000,0x00000000d8600000,0x00000000dfd80000)
  from space 8192K, 70% used [0x00000000dfd80000,0x00000000e0320010,0x00000000e0580000)
  to   space 8192K, 0% used [0x00000000e7d00000,0x00000000e7d00000,0x00000000e8500000)
 ParOldGen       total 81920K, used 11867K [0x0000000089200000, 0x000000008e200000, 0x00000000d8600000)
  object space 81920K, 14% used [0x0000000089200000,0x0000000089d96e30,0x000000008e200000)
 Metaspace       used 20878K, capacity 21092K, committed 21248K, reserved 1069056K
  class space    used 2497K, capacity 2559K, committed 2560K, reserved 1048576K
Event: 37.848 GC heap after
Heap after GC invocations=8 (full 1):
 PSYoungGen      total 130560K, used 0K [0x00000000d8600000, 0x00000000e8500000, 0x0000000100000000)
  eden space 122368K, 0% used [0x00000000d8600000,0x00000000d8600000,0x00000000dfd80000)
  from space 8192K, 0% used [0x00000000dfd80000,0x00000000dfd80000,0x00000000e0580000)
  to   space 8192K, 0% used [0x00000000e7d00000,0x00000000e7d00000,0x00000000e8500000)
 ParOldGen       total 65024K, used 13188K [0x0000000089200000, 0x000000008d180000, 0x00000000d8600000)
  object space 65024K, 20% used [0x0000000089200000,0x0000000089ee1098,0x000000008d180000)
 Metaspace       used 20877K, capacity 21090K, committed 21248K, reserved 1069056K
  class space    used 2496K, capacity 2558K, committed 2560K, reserved 1048576K
}
Event: 56.345 GC heap before
{Heap before GC invocations=9 (full 1):
 PSYoungGen      total 130560K, used 122368K [0x00000000d8600000, 0x00000000e8500000, 0x0000000100000000)
  eden space 122368K, 100% used [0x00000000d8600000,0x00000000dfd80000,0x00000000dfd80000)
  from space 8192K, 0% used [0x00000000dfd80000,0x00000000dfd80000,0x00000000e0580000)
  to   space 8192K, 0% used [0x00000000e7d00000,0x00000000e7d00000,0x00000000e8500000)
 ParOldGen       total 65024K, used 13188K [0x0000000089200000, 0x000000008d180000, 0x00000000d8600000)
  object space 65024K, 20% used [0x0000000089200000,0x0000000089ee1098,0x000000008d180000)
 Metaspace       used 21120K, capacity 21346K, committed 21504K, reserved 1069056K
  class space    used 2497K, capacity 2558K, committed 2560K, reserved 1048576K
Event: 56.444 GC heap after
Heap after GC invocations=9 (full 1):
 PSYoungGen      total 174592K, used 6130K [0x00000000d8600000, 0x00000000e8300000, 0x0000000100000000)
  eden space 168448K, 0% used [0x00000000d8600000,0x00000000d8600000,0x00000000e2a80000)
  from space 6144K, 99% used [0x00000000e7d00000,0x00000000e82fc830,0x00000000e8300000)
  to   space 8192K, 0% used [0x00000000e7300000,0x00000000e7300000,0x00000000e7b00000)
 ParOldGen       total 65024K, used 13196K [0x0000000089200000, 0x000000008d180000, 0x00000000d8600000)
  object space 65024K, 20% used [0x0000000089200000,0x0000000089ee3098,0x000000008d180000)
 Metaspace       used 21120K, capacity 21346K, committed 21504K, reserved 1069056K
  class space    used 2497K, capacity 2558K, committed 2560K, reserved 1048576K
}
Event: 76.370 GC heap before
{Heap before GC invocations=10 (full 1):
 PSYoungGen      total 174592K, used 174435K [0x00000000d8600000, 0x00000000e8300000, 0x0000000100000000)
  eden space 168448K, 99% used [0x00000000d8600000,0x00000000e2a5c568,0x00000000e2a80000)
  from space 6144K, 99% used [0x00000000e7d00000,0x00000000e82fc830,0x00000000e8300000)
  to   space 8192K, 0% used [0x00000000e7300000,0x00000000e7300000,0x00000000e7b00000)
 ParOldGen       total 65024K, used 13196K [0x0000000089200000, 0x000000008d180000, 0x00000000d8600000)
  object space 65024K, 20% used [0x0000000089200000,0x0000000089ee3098,0x000000008d180000)
 Metaspace       used 21403K, capacity 21678K, committed 22016K, reserved 1069056K
  class space    used 2498K, capacity 2558K, committed 2560K, reserved 1048576K
Event: 76.490 GC heap after
Heap after GC invocations=10 (full 1):
 PSYoungGen      total 210944K, used 8160K [0x00000000d8600000, 0x00000000e7d80000, 0x0000000100000000)
  eden space 202752K, 0% used [0x00000000d8600000,0x00000000d8600000,0x00000000e4c00000)
  from space 8192K, 99% used [0x00000000e7300000,0x00000000e7af8020,0x00000000e7b00000)
  to   space 2560K, 0% used [0x00000000e7b00000,0x00000000e7b00000,0x00000000e7d80000)
 ParOldGen       total 65024K, used 18507K [0x0000000089200000, 0x000000008d180000, 0x00000000d8600000)
  object space 65024K, 28% used [0x0000000089200000,0x000000008a412fb8,0x000000008d180000)
 Metaspace       used 21403K, capacity 21678K, committed 22016K, reserved 1069056K
  class space    used 2498K, capacity 2558K, committed 2560K, reserved 1048576K
}
Event: 100.867 GC heap before
{Heap before GC invocations=11 (full 1):
 PSYoungGen      total 210944K, used 210912K [0x00000000d8600000, 0x00000000e7d80000, 0x0000000100000000)
  eden space 202752K, 100% used [0x00000000d8600000,0x00000000e4c00000,0x00000000e4c00000)
  from space 8192K, 99% used [0x00000000e7300000,0x00000000e7af8020,0x00000000e7b00000)
  to   space 2560K, 0% used [0x00000000e7b00000,0x00000000e7b00000,0x00000000e7d80000)
 ParOldGen       total 65024K, used 18507K [0x0000000089200000, 0x000000008d180000, 0x00000000d8600000)
  object space 65024K, 28% used [0x0000000089200000,0x000000008a412fb8,0x000000008d180000)
 Metaspace       used 21555K, capacity 21806K, committed 22016K, reserved 1069056K
  class space    used 2498K, capacity 2558K, committed 2560K, reserved 1048576K
Event: 100.955 GC heap after
Heap after GC invocations=11 (full 1):
 PSYoungGen      total 239616K, used 2560K [0x00000000d8600000, 0x00000000e8a80000, 0x0000000100000000)
  eden space 237056K, 0% used [0x00000000d8600000,0x00000000d8600000,0x00000000e6d80000)
  from space 2560K, 100% used [0x00000000e7b00000,0x00000000e7d80000,0x00000000e7d80000)
  to   space 13824K, 0% used [0x00000000e6d80000,0x00000000e6d80000,0x00000000e7b00000)
 ParOldGen       total 65024K, used 32754K [0x0000000089200000, 0x000000008d180000, 0x00000000d8600000)
  object space 65024K, 50% used [0x0000000089200000,0x000000008b1fc938,0x000000008d180000)
 Metaspace       used 21555K, capacity 21806K, committed 22016K, reserved 1069056K
  class space    used 2498K, capacity 2558K, committed 2560K, reserved 1048576K
}

